<?xml version="1.0"?>
<!DOCTYPE coverage SYSTEM "http://cobertura.sourceforge.net/xml/coverage-04.dtd">
<coverage 
line-rate="0.62" lines-valid="224" lines-covered="138" branches-valid="24" branches-covered="17" branch-rate="0.71" complexity="0" version="1.0" timestamp="1485968437662">
    <sources>
        <source>--source</source>
        <source>/home/akhil/IdeaProjects/Companysqlsbt/src/main/scala-2.12</source>
        <source>/home/akhil/IdeaProjects/Companysqlsbt/src/main/scala</source>
        <source>/home/akhil/IdeaProjects/Companysqlsbt/src/main/java</source>
    </sources>
    <packages>
        <package name="com.knoldus" line-rate="0.62" branch-rate="0.71" complexity="0">
            <classes>
                <class 
                name="com.knoldus.EmployeeTableHandler" filename="com/knoldus/EmployeeTableHandler.scala" line-rate="0.62" branch-rate="0.71" complexity="0">
                    <methods>
                        <method 
                        name="com.knoldus/EmployeeTableHandler/insertTable" signature="()V" line-rate="0.70" branch-rate="1.00" complexity="0">
                            <lines>
                                <line number="111" hits="0" branch="false"/>
                                <line number="124" hits="0" branch="false"/>
                                <line number="136" hits="1" branch="false"/>
                                <line number="146" hits="1" branch="false"/>
                                <line number="156" hits="1" branch="false"/>
                                <line number="114" hits="1" branch="false"/>
                                <line number="121" hits="1" branch="false"/>
                                <line number="162" hits="0" branch="false"/>
                                <line number="151" hits="1" branch="false"/>
                                <line number="138" hits="0" branch="false"/>
                                <line number="153" hits="0" branch="false"/>
                                <line number="109" hits="1" branch="false"/>
                                <line number="141" hits="1" branch="false"/>
                                <line number="122" hits="1" branch="false"/>
                                <line number="131" hits="1" branch="false"/>
                                <line number="152" hits="0" branch="false"/>
                                <line number="128" hits="1" branch="false"/>
                                <line number="135" hits="1" branch="false"/>
                                <line number="145" hits="1" branch="false"/>
                                <line number="155" hits="1" branch="false"/>
                                <line number="123" hits="1" branch="false"/>
                                <line number="136" hits="1" branch="false"/>
                                <line number="110" hits="0" branch="false"/>
                                <line number="113" hits="1" branch="false"/>
                                <line number="160" hits="1" branch="false"/>
                                <line number="150" hits="1" branch="false"/>
                                <line number="125" hits="0" branch="false"/>
                                <line number="138" hits="0" branch="false"/>
                                <line number="118" hits="1" branch="false"/>
                                <line number="108" hits="1" branch="false"/>
                                <line number="159" hits="1" branch="false"/>
                                <line number="150" hits="1" branch="false"/>
                                <line number="108" hits="1" branch="false"/>
                                <line number="117" hits="1" branch="false"/>
                                <line number="162" hits="0" branch="false"/>
                                <line number="127" hits="1" branch="false"/>
                                <line number="139" hits="0" branch="false"/>
                                <line number="152" hits="0" branch="false"/>
                                <line number="110" hits="0" branch="false"/>
                                <line number="122" hits="1" branch="false"/>
                                <line number="149" hits="1" branch="false"/>
                                <line number="132" hits="1" branch="false"/>
                                <line number="142" hits="1" branch="false"/>
                                <line number="107" hits="1" branch="false"/>
                                <line number="124" hits="0" branch="false"/>
                                <line number="137" hits="1" branch="false"/>
                            </lines>
</method>
                        <method 
                        name="com.knoldus/EmployeeTableHandler/deleteTable" signature="()V" line-rate="0.70" branch-rate="1.00" complexity="0">
                            <lines>
                                <line number="285" hits="1" branch="false"/>
                                <line number="265" hits="1" branch="false"/>
                                <line number="278" hits="1" branch="false"/>
                                <line number="238" hits="0" branch="false"/>
                                <line number="253" hits="1" branch="false"/>
                                <line number="255" hits="0" branch="false"/>
                                <line number="234" hits="1" branch="false"/>
                                <line number="239" hits="0" branch="false"/>
                                <line number="255" hits="0" branch="false"/>
                                <line number="282" hits="1" branch="false"/>
                                <line number="295" hits="1" branch="false"/>
                                <line number="270" hits="1" branch="false"/>
                                <line number="302" hits="0" branch="false"/>
                                <line number="272" hits="0" branch="false"/>
                                <line number="288" hits="1" branch="false"/>
                                <line number="244" hits="1" branch="false"/>
                                <line number="251" hits="1" branch="false"/>
                                <line number="237" hits="1" branch="false"/>
                                <line number="264" hits="1" branch="false"/>
                                <line number="277" hits="1" branch="false"/>
                                <line number="290" hits="0" branch="false"/>
                                <line number="253" hits="1" branch="false"/>
                                <line number="248" hits="1" branch="false"/>
                                <line number="236" hits="1" branch="false"/>
                                <line number="268" hits="1" branch="false"/>
                                <line number="289" hits="0" branch="false"/>
                                <line number="261" hits="1" branch="false"/>
                                <line number="238" hits="0" branch="false"/>
                                <line number="281" hits="1" branch="false"/>
                                <line number="294" hits="1" branch="false"/>
                                <line number="254" hits="1" branch="false"/>
                                <line number="270" hits="1" branch="false"/>
                                <line number="287" hits="1" branch="false"/>
                                <line number="243" hits="1" branch="false"/>
                                <line number="299" hits="1" branch="false"/>
                                <line number="256" hits="0" branch="false"/>
                                <line number="272" hits="0" branch="false"/>
                                <line number="298" hits="1" branch="false"/>
                                <line number="271" hits="1" branch="false"/>
                                <line number="287" hits="1" branch="false"/>
                                <line number="236" hits="1" branch="false"/>
                                <line number="247" hits="1" branch="false"/>
                                <line number="289" hits="0" branch="false"/>
                                <line number="260" hits="1" branch="false"/>
                                <line number="303" hits="0" branch="false"/>
                                <line number="273" hits="0" branch="false"/>
                            </lines>
</method>
                        <method 
                        name="com.knoldus/EmployeeTableHandler/updateTable" signature="()V" line-rate="0.70" branch-rate="1.00" complexity="0">
                            <lines>
                                <line number="174" hits="0" branch="false"/>
                                <line number="187" hits="1" branch="false"/>
                                <line number="219" hits="1" branch="false"/>
                                <line number="200" hits="1" branch="false"/>
                                <line number="209" hits="1" branch="false"/>
                                <line number="224" hits="1" branch="false"/>
                                <line number="202" hits="0" branch="false"/>
                                <line number="214" hits="1" branch="false"/>
                                <line number="177" hits="1" branch="false"/>
                                <line number="189" hits="0" branch="false"/>
                                <line number="172" hits="1" branch="false"/>
                                <line number="223" hits="1" branch="false"/>
                                <line number="214" hits="1" branch="false"/>
                                <line number="181" hits="1" branch="false"/>
                                <line number="191" hits="1" branch="false"/>
                                <line number="172" hits="1" branch="false"/>
                                <line number="203" hits="0" branch="false"/>
                                <line number="216" hits="0" branch="false"/>
                                <line number="226" hits="0" branch="false"/>
                                <line number="206" hits="1" branch="false"/>
                                <line number="213" hits="1" branch="false"/>
                                <line number="174" hits="0" branch="false"/>
                                <line number="186" hits="1" branch="false"/>
                                <line number="196" hits="1" branch="false"/>
                                <line number="171" hits="1" branch="false"/>
                                <line number="188" hits="0" branch="false"/>
                                <line number="201" hits="1" branch="false"/>
                                <line number="188" hits="0" branch="false"/>
                                <line number="220" hits="1" branch="false"/>
                                <line number="200" hits="1" branch="false"/>
                                <line number="175" hits="0" branch="false"/>
                                <line number="210" hits="1" branch="false"/>
                                <line number="215" hits="1" branch="false"/>
                                <line number="226" hits="0" branch="false"/>
                                <line number="185" hits="1" branch="false"/>
                                <line number="202" hits="0" branch="false"/>
                                <line number="178" hits="1" branch="false"/>
                                <line number="217" hits="0" branch="false"/>
                                <line number="186" hits="1" branch="false"/>
                                <line number="195" hits="1" branch="false"/>
                                <line number="205" hits="1" branch="false"/>
                                <line number="173" hits="1" branch="false"/>
                                <line number="192" hits="1" branch="false"/>
                                <line number="216" hits="0" branch="false"/>
                                <line number="182" hits="1" branch="false"/>
                                <line number="199" hits="1" branch="false"/>
                            </lines>
</method>
                        <method 
                        name="com.knoldus/EmployeeTableHandler/&lt;none&gt;" signature="()V" line-rate="1.00" branch-rate="1.00" complexity="0">
                            <lines>
                                <line number="12" hits="1" branch="false"/>
                                <line number="9" hits="1" branch="false"/>
                                <line number="12" hits="1" branch="false"/>
                                <line number="11" hits="1" branch="false"/>
                                <line number="12" hits="1" branch="false"/>
                                <line number="8" hits="1" branch="false"/>
                                <line number="10" hits="1" branch="false"/>
                                <line number="12" hits="1" branch="false"/>
                            </lines>
</method>
                        <method 
                        name="com.knoldus/EmployeeTableHandler/selectTable" signature="()V" line-rate="0.44" branch-rate="0.42" complexity="0">
                            <lines>
                                <line number="95" hits="1" branch="false"/>
                                <line number="23" hits="1" branch="false"/>
                                <line number="83" hits="0" branch="false"/>
                                <line number="100" hits="0" branch="false"/>
                                <line number="62" hits="0" branch="false"/>
                                <line number="63" hits="0" branch="false"/>
                                <line number="81" hits="1" branch="false"/>
                                <line number="43" hits="1" branch="false"/>
                                <line number="45" hits="0" branch="false"/>
                                <line number="65" hits="0" branch="false"/>
                                <line number="71" hits="1" branch="false"/>
                                <line number="46" hits="0" branch="false"/>
                                <line number="52" hits="1" branch="false"/>
                                <line number="27" hits="0" branch="false"/>
                                <line number="33" hits="0" branch="false"/>
                                <line number="79" hits="1" branch="false"/>
                                <line number="84" hits="0" branch="false"/>
                                <line number="21" hits="1" branch="false"/>
                                <line number="87" hits="0" branch="false"/>
                                <line number="68" hits="0" branch="false"/>
                                <line number="45" hits="0" branch="false"/>
                                <line number="38" hits="1" branch="false"/>
                                <line number="60" hits="1" branch="false"/>
                                <line number="30" hits="0" branch="false"/>
                                <line number="76" hits="1" branch="false"/>
                                <line number="24" hits="0" branch="false"/>
                                <line number="56" hits="1" branch="false"/>
                                <line number="92" hits="1" branch="false"/>
                                <line number="75" hits="1" branch="false"/>
                                <line number="67" hits="0" branch="false"/>
                                <line number="86" hits="0" branch="false"/>
                                <line number="99" hits="0" branch="false"/>
                                <line number="80" hits="1" branch="false"/>
                                <line number="63" hits="0" branch="false"/>
                                <line number="45" hits="0" branch="false"/>
                                <line number="61" hits="1" branch="false"/>
                                <line number="23" hits="1" branch="false"/>
                                <line number="23" hits="0" branch="false"/>
                                <line number="42" hits="1" branch="false"/>
                                <line number="83" hits="0" branch="false"/>
                                <line number="26" hits="0" branch="false"/>
                                <line number="83" hits="0" branch="false"/>
                                <line number="83" hits="0" branch="false"/>
                                <line number="64" hits="0" branch="false"/>
                                <line number="51" hits="1" branch="false"/>
                                <line number="19" hits="1" branch="false"/>
                                <line number="45" hits="0" branch="false"/>
                                <line number="59" hits="1" branch="false"/>
                                <line number="20" hits="1" branch="false"/>
                                <line number="48" hits="0" branch="false"/>
                                <line number="29" hits="0" branch="false"/>
                                <line number="37" hits="1" branch="false"/>
                                <line number="63" hits="0" branch="false"/>
                                <line number="83" hits="0" branch="false"/>
                                <line number="82" hits="0" branch="false"/>
                                <line number="72" hits="1" branch="false"/>
                                <line number="55" hits="1" branch="false"/>
                                <line number="66" hits="0" branch="false"/>
                                <line number="85" hits="0" branch="false"/>
                                <line number="91" hits="1" branch="false"/>
                                <line number="34" hits="0" branch="false"/>
                                <line number="47" hits="0" branch="false"/>
                                <line number="28" hits="0" branch="false"/>
                                <line number="20" hits="1" branch="false"/>
                                <line number="60" hits="1" branch="false"/>
                                <line number="23" hits="0" branch="false"/>
                                <line number="63" hits="0" branch="false"/>
                                <line number="22" hits="1" branch="false"/>
                                <line number="96" hits="1" branch="false"/>
                                <line number="88" hits="0" branch="false"/>
                                <line number="42" hits="1" branch="false"/>
                                <line number="45" hits="0" branch="false"/>
                                <line number="80" hits="1" branch="false"/>
                                <line number="25" hits="0" branch="false"/>
                                <line number="41" hits="1" branch="false"/>
                                <line number="63" hits="0" branch="false"/>
                                <line number="23" hits="1" branch="false"/>
                                <line number="44" hits="0" branch="false"/>
                            </lines>
</method>
                    </methods>
                    <lines>
                        <line number="174" hits="0" branch="false"/>
                        <line number="187" hits="1" branch="false"/>
                        <line number="285" hits="1" branch="false"/>
                        <line number="111" hits="0" branch="false"/>
                        <line number="124" hits="0" branch="false"/>
                        <line number="265" hits="1" branch="false"/>
                        <line number="219" hits="1" branch="false"/>
                        <line number="278" hits="1" branch="false"/>
                        <line number="238" hits="0" branch="false"/>
                        <line number="253" hits="1" branch="false"/>
                        <line number="95" hits="1" branch="false"/>
                        <line number="200" hits="1" branch="false"/>
                        <line number="209" hits="1" branch="false"/>
                        <line number="136" hits="1" branch="false"/>
                        <line number="146" hits="1" branch="false"/>
                        <line number="156" hits="1" branch="false"/>
                        <line number="23" hits="1" branch="false"/>
                        <line number="114" hits="1" branch="false"/>
                        <line number="121" hits="1" branch="false"/>
                        <line number="162" hits="0" branch="false"/>
                        <line number="151" hits="1" branch="false"/>
                        <line number="255" hits="0" branch="false"/>
                        <line number="224" hits="1" branch="false"/>
                        <line number="83" hits="0" branch="false"/>
                        <line number="100" hits="0" branch="false"/>
                        <line number="202" hits="0" branch="false"/>
                        <line number="234" hits="1" branch="false"/>
                        <line number="214" hits="1" branch="false"/>
                        <line number="62" hits="0" branch="false"/>
                        <line number="63" hits="0" branch="false"/>
                        <line number="81" hits="1" branch="false"/>
                        <line number="43" hits="1" branch="false"/>
                        <line number="45" hits="0" branch="false"/>
                        <line number="138" hits="0" branch="false"/>
                        <line number="177" hits="1" branch="false"/>
                        <line number="189" hits="0" branch="false"/>
                        <line number="65" hits="0" branch="false"/>
                        <line number="71" hits="1" branch="false"/>
                        <line number="172" hits="1" branch="false"/>
                        <line number="46" hits="0" branch="false"/>
                        <line number="12" hits="1" branch="false"/>
                        <line number="52" hits="1" branch="false"/>
                        <line number="27" hits="0" branch="false"/>
                        <line number="33" hits="0" branch="false"/>
                        <line number="153" hits="0" branch="false"/>
                        <line number="109" hits="1" branch="false"/>
                        <line number="79" hits="1" branch="false"/>
                        <line number="141" hits="1" branch="false"/>
                        <line number="122" hits="1" branch="false"/>
                        <line number="84" hits="0" branch="false"/>
                        <line number="131" hits="1" branch="false"/>
                        <line number="21" hits="1" branch="false"/>
                        <line number="87" hits="0" branch="false"/>
                        <line number="68" hits="0" branch="false"/>
                        <line number="45" hits="0" branch="false"/>
                        <line number="38" hits="1" branch="false"/>
                        <line number="60" hits="1" branch="false"/>
                        <line number="30" hits="0" branch="false"/>
                        <line number="9" hits="1" branch="false"/>
                        <line number="76" hits="1" branch="false"/>
                        <line number="12" hits="1" branch="false"/>
                        <line number="239" hits="0" branch="false"/>
                        <line number="255" hits="0" branch="false"/>
                        <line number="223" hits="1" branch="false"/>
                        <line number="282" hits="1" branch="false"/>
                        <line number="214" hits="1" branch="false"/>
                        <line number="24" hits="0" branch="false"/>
                        <line number="295" hits="1" branch="false"/>
                        <line number="270" hits="1" branch="false"/>
                        <line number="181" hits="1" branch="false"/>
                        <line number="191" hits="1" branch="false"/>
                        <line number="302" hits="0" branch="false"/>
                        <line number="152" hits="0" branch="false"/>
                        <line number="172" hits="1" branch="false"/>
                        <line number="128" hits="1" branch="false"/>
                        <line number="272" hits="0" branch="false"/>
                        <line number="288" hits="1" branch="false"/>
                        <line number="203" hits="0" branch="false"/>
                        <line number="216" hits="0" branch="false"/>
                        <line number="226" hits="0" branch="false"/>
                        <line number="135" hits="1" branch="false"/>
                        <line number="244" hits="1" branch="false"/>
                        <line number="251" hits="1" branch="false"/>
                        <line number="237" hits="1" branch="false"/>
                        <line number="206" hits="1" branch="false"/>
                        <line number="213" hits="1" branch="false"/>
                        <line number="56" hits="1" branch="false"/>
                        <line number="145" hits="1" branch="false"/>
                        <line number="155" hits="1" branch="false"/>
                        <line number="174" hits="0" branch="false"/>
                        <line number="264" hits="1" branch="false"/>
                        <line number="277" hits="1" branch="false"/>
                        <line number="290" hits="0" branch="false"/>
                        <line number="123" hits="1" branch="false"/>
                        <line number="136" hits="1" branch="false"/>
                        <line number="92" hits="1" branch="false"/>
                        <line number="110" hits="0" branch="false"/>
                        <line number="253" hits="1" branch="false"/>
                        <line number="75" hits="1" branch="false"/>
                        <line number="67" hits="0" branch="false"/>
                        <line number="86" hits="0" branch="false"/>
                        <line number="186" hits="1" branch="false"/>
                        <line number="196" hits="1" branch="false"/>
                        <line number="99" hits="0" branch="false"/>
                        <line number="113" hits="1" branch="false"/>
                        <line number="80" hits="1" branch="false"/>
                        <line number="63" hits="0" branch="false"/>
                        <line number="171" hits="1" branch="false"/>
                        <line number="45" hits="0" branch="false"/>
                        <line number="61" hits="1" branch="false"/>
                        <line number="160" hits="1" branch="false"/>
                        <line number="11" hits="1" branch="false"/>
                        <line number="23" hits="1" branch="false"/>
                        <line number="150" hits="1" branch="false"/>
                        <line number="188" hits="0" branch="false"/>
                        <line number="201" hits="1" branch="false"/>
                        <line number="23" hits="0" branch="false"/>
                        <line number="42" hits="1" branch="false"/>
                        <line number="83" hits="0" branch="false"/>
                        <line number="125" hits="0" branch="false"/>
                        <line number="138" hits="0" branch="false"/>
                        <line number="26" hits="0" branch="false"/>
                        <line number="118" hits="1" branch="false"/>
                        <line number="12" hits="1" branch="false"/>
                        <line number="83" hits="0" branch="false"/>
                        <line number="108" hits="1" branch="false"/>
                        <line number="83" hits="0" branch="false"/>
                        <line number="64" hits="0" branch="false"/>
                        <line number="51" hits="1" branch="false"/>
                        <line number="19" hits="1" branch="false"/>
                        <line number="45" hits="0" branch="false"/>
                        <line number="59" hits="1" branch="false"/>
                        <line number="20" hits="1" branch="false"/>
                        <line number="248" hits="1" branch="false"/>
                        <line number="48" hits="0" branch="false"/>
                        <line number="236" hits="1" branch="false"/>
                        <line number="8" hits="1" branch="false"/>
                        <line number="268" hits="1" branch="false"/>
                        <line number="289" hits="0" branch="false"/>
                        <line number="261" hits="1" branch="false"/>
                        <line number="29" hits="0" branch="false"/>
                        <line number="37" hits="1" branch="false"/>
                        <line number="188" hits="0" branch="false"/>
                        <line number="220" hits="1" branch="false"/>
                        <line number="200" hits="1" branch="false"/>
                        <line number="238" hits="0" branch="false"/>
                        <line number="159" hits="1" branch="false"/>
                        <line number="175" hits="0" branch="false"/>
                        <line number="281" hits="1" branch="false"/>
                        <line number="294" hits="1" branch="false"/>
                        <line number="150" hits="1" branch="false"/>
                        <line number="210" hits="1" branch="false"/>
                        <line number="254" hits="1" branch="false"/>
                        <line number="270" hits="1" branch="false"/>
                        <line number="63" hits="0" branch="false"/>
                        <line number="287" hits="1" branch="false"/>
                        <line number="243" hits="1" branch="false"/>
                        <line number="299" hits="1" branch="false"/>
                        <line number="108" hits="1" branch="false"/>
                        <line number="117" hits="1" branch="false"/>
                        <line number="215" hits="1" branch="false"/>
                        <line number="226" hits="0" branch="false"/>
                        <line number="185" hits="1" branch="false"/>
                        <line number="162" hits="0" branch="false"/>
                        <line number="202" hits="0" branch="false"/>
                        <line number="178" hits="1" branch="false"/>
                        <line number="127" hits="1" branch="false"/>
                        <line number="139" hits="0" branch="false"/>
                        <line number="152" hits="0" branch="false"/>
                        <line number="256" hits="0" branch="false"/>
                        <line number="272" hits="0" branch="false"/>
                        <line number="83" hits="0" branch="false"/>
                        <line number="82" hits="0" branch="false"/>
                        <line number="110" hits="0" branch="false"/>
                        <line number="72" hits="1" branch="false"/>
                        <line number="122" hits="1" branch="false"/>
                        <line number="55" hits="1" branch="false"/>
                        <line number="66" hits="0" branch="false"/>
                        <line number="217" hits="0" branch="false"/>
                        <line number="85" hits="0" branch="false"/>
                        <line number="91" hits="1" branch="false"/>
                        <line number="186" hits="1" branch="false"/>
                        <line number="149" hits="1" branch="false"/>
                        <line number="195" hits="1" branch="false"/>
                        <line number="205" hits="1" branch="false"/>
                        <line number="34" hits="0" branch="false"/>
                        <line number="47" hits="0" branch="false"/>
                        <line number="132" hits="1" branch="false"/>
                        <line number="173" hits="1" branch="false"/>
                        <line number="142" hits="1" branch="false"/>
                        <line number="28" hits="0" branch="false"/>
                        <line number="20" hits="1" branch="false"/>
                        <line number="60" hits="1" branch="false"/>
                        <line number="23" hits="0" branch="false"/>
                        <line number="63" hits="0" branch="false"/>
                        <line number="10" hits="1" branch="false"/>
                        <line number="22" hits="1" branch="false"/>
                        <line number="96" hits="1" branch="false"/>
                        <line number="107" hits="1" branch="false"/>
                        <line number="124" hits="0" branch="false"/>
                        <line number="88" hits="0" branch="false"/>
                        <line number="42" hits="1" branch="false"/>
                        <line number="45" hits="0" branch="false"/>
                        <line number="137" hits="1" branch="false"/>
                        <line number="80" hits="1" branch="false"/>
                        <line number="25" hits="0" branch="false"/>
                        <line number="41" hits="1" branch="false"/>
                        <line number="63" hits="0" branch="false"/>
                        <line number="23" hits="1" branch="false"/>
                        <line number="44" hits="0" branch="false"/>
                        <line number="12" hits="1" branch="false"/>
                        <line number="298" hits="1" branch="false"/>
                        <line number="271" hits="1" branch="false"/>
                        <line number="287" hits="1" branch="false"/>
                        <line number="236" hits="1" branch="false"/>
                        <line number="192" hits="1" branch="false"/>
                        <line number="247" hits="1" branch="false"/>
                        <line number="216" hits="0" branch="false"/>
                        <line number="182" hits="1" branch="false"/>
                        <line number="289" hits="0" branch="false"/>
                        <line number="199" hits="1" branch="false"/>
                        <line number="260" hits="1" branch="false"/>
                        <line number="303" hits="0" branch="false"/>
                        <line number="273" hits="0" branch="false"/>
                    </lines>
</class>
            </classes>
        </package>
    </packages>
</coverage>
