<?xml version="1.0"?>
<!DOCTYPE coverage SYSTEM "http://cobertura.sourceforge.net/xml/coverage-04.dtd">
<coverage 
line-rate="0.52" lines-valid="48" lines-covered="25" branches-valid="4" branches-covered="2" branch-rate="0.50" complexity="0" version="1.0" timestamp="1485952267445">
    <sources>
        <source>--source</source>
        <source>/home/akhil/IdeaProjects/Companysqlsbt/src/main/scala-2.12</source>
        <source>/home/akhil/IdeaProjects/Companysqlsbt/src/main/scala</source>
        <source>/home/akhil/IdeaProjects/Companysqlsbt/src/main/java</source>
    </sources>
    <packages>
        <package name="com.knoldus" line-rate="0.52" branch-rate="0.50" complexity="0">
            <classes>
                <class 
                name="com.knoldus.EmployeeTableHandler" filename="com/knoldus/EmployeeTableHandler.scala" line-rate="0.52" branch-rate="0.50" complexity="0">
                    <methods>
                        <method 
                        name="com.knoldus/EmployeeTableHandler/selectTable" signature="()V" line-rate="0.50" branch-rate="0.50" complexity="0">
                            <lines>
                                <line number="19" hits="1" branch="false"/>
                                <line number="22" hits="0" branch="false"/>
                                <line number="31" hits="1" branch="false"/>
                                <line number="17" hits="1" branch="false"/>
                                <line number="22" hits="0" branch="false"/>
                                <line number="20" hits="0" branch="false"/>
                                <line number="19" hits="1" branch="false"/>
                                <line number="19" hits="0" branch="false"/>
                                <line number="22" hits="0" branch="false"/>
                                <line number="30" hits="1" branch="false"/>
                                <line number="16" hits="1" branch="false"/>
                                <line number="22" hits="0" branch="false"/>
                                <line number="22" hits="0" branch="false"/>
                                <line number="16" hits="1" branch="false"/>
                                <line number="19" hits="0" branch="false"/>
                                <line number="18" hits="1" branch="false"/>
                                <line number="21" hits="0" branch="false"/>
                                <line number="19" hits="1" branch="false"/>
                            </lines>
</method>
                        <method 
                        name="com.knoldus/EmployeeTableHandler/&lt;none&gt;" signature="()V" line-rate="1.00" branch-rate="1.00" complexity="0">
                            <lines>
                                <line number="12" hits="1" branch="false"/>
                                <line number="9" hits="1" branch="false"/>
                                <line number="12" hits="1" branch="false"/>
                                <line number="11" hits="1" branch="false"/>
                                <line number="12" hits="1" branch="false"/>
                                <line number="8" hits="1" branch="false"/>
                                <line number="10" hits="1" branch="false"/>
                                <line number="12" hits="1" branch="false"/>
                            </lines>
</method>
                        <method 
                        name="com.knoldus/EmployeeTableHandler/updateTable" signature="()V" line-rate="0.00" branch-rate="0.00" complexity="0">
                            <lines>
                                <line number="62" hits="0" branch="false"/>
                                <line number="59" hits="0" branch="false"/>
                                <line number="60" hits="0" branch="false"/>
                                <line number="69" hits="0" branch="false"/>
                                <line number="66" hits="0" branch="false"/>
                                <line number="61" hits="0" branch="false"/>
                                <line number="63" hits="0" branch="false"/>
                                <line number="65" hits="0" branch="false"/>
                                <line number="70" hits="0" branch="false"/>
                                <line number="60" hits="0" branch="false"/>
                                <line number="62" hits="0" branch="false"/>
                            </lines>
</method>
                        <method 
                        name="com.knoldus/EmployeeTableHandler/insertTable" signature="()V" line-rate="0.73" branch-rate="1.00" complexity="0">
                            <lines>
                                <line number="40" hits="0" branch="false"/>
                                <line number="42" hits="1" branch="false"/>
                                <line number="38" hits="1" branch="false"/>
                                <line number="39" hits="0" branch="false"/>
                                <line number="42" hits="1" branch="false"/>
                                <line number="45" hits="1" branch="false"/>
                                <line number="37" hits="1" branch="false"/>
                                <line number="37" hits="1" branch="false"/>
                                <line number="44" hits="1" branch="false"/>
                                <line number="39" hits="0" branch="false"/>
                                <line number="36" hits="1" branch="false"/>
                            </lines>
</method>
                    </methods>
                    <lines>
                        <line number="19" hits="1" branch="false"/>
                        <line number="40" hits="0" branch="false"/>
                        <line number="62" hits="0" branch="false"/>
                        <line number="22" hits="0" branch="false"/>
                        <line number="12" hits="1" branch="false"/>
                        <line number="42" hits="1" branch="false"/>
                        <line number="59" hits="0" branch="false"/>
                        <line number="31" hits="1" branch="false"/>
                        <line number="17" hits="1" branch="false"/>
                        <line number="38" hits="1" branch="false"/>
                        <line number="60" hits="0" branch="false"/>
                        <line number="69" hits="0" branch="false"/>
                        <line number="9" hits="1" branch="false"/>
                        <line number="22" hits="0" branch="false"/>
                        <line number="12" hits="1" branch="false"/>
                        <line number="20" hits="0" branch="false"/>
                        <line number="66" hits="0" branch="false"/>
                        <line number="61" hits="0" branch="false"/>
                        <line number="19" hits="1" branch="false"/>
                        <line number="11" hits="1" branch="false"/>
                        <line number="39" hits="0" branch="false"/>
                        <line number="19" hits="0" branch="false"/>
                        <line number="12" hits="1" branch="false"/>
                        <line number="22" hits="0" branch="false"/>
                        <line number="63" hits="0" branch="false"/>
                        <line number="30" hits="1" branch="false"/>
                        <line number="42" hits="1" branch="false"/>
                        <line number="16" hits="1" branch="false"/>
                        <line number="45" hits="1" branch="false"/>
                        <line number="8" hits="1" branch="false"/>
                        <line number="22" hits="0" branch="false"/>
                        <line number="37" hits="1" branch="false"/>
                        <line number="65" hits="0" branch="false"/>
                        <line number="22" hits="0" branch="false"/>
                        <line number="16" hits="1" branch="false"/>
                        <line number="37" hits="1" branch="false"/>
                        <line number="44" hits="1" branch="false"/>
                        <line number="19" hits="0" branch="false"/>
                        <line number="10" hits="1" branch="false"/>
                        <line number="18" hits="1" branch="false"/>
                        <line number="70" hits="0" branch="false"/>
                        <line number="39" hits="0" branch="false"/>
                        <line number="60" hits="0" branch="false"/>
                        <line number="21" hits="0" branch="false"/>
                        <line number="62" hits="0" branch="false"/>
                        <line number="19" hits="1" branch="false"/>
                        <line number="12" hits="1" branch="false"/>
                        <line number="36" hits="1" branch="false"/>
                    </lines>
</class>
            </classes>
        </package>
    </packages>
</coverage>
